<?xml version="1.0" encoding="UTF-8"?>
<!-- Generated by org.testng.reporters.JUnitXMLReporter -->
<testsuite ignored="7" hostname="DESKTOP-UMRB9U3" failures="0" tests="1" name="Default test" time="0.112" errors="0" timestamp="2025-06-17T16:00:44 IST">
  <testcase classname="Test.BaseTest" name="@BeforeTest launchBrowser" time="-1.750156243982E9">
    <failure type="org.testng.TestNGException" message="
Parameter &amp;apos;Browser&amp;apos; is required by BeforeTest on method launchBrowser but has not been marked @Optional or defined
in C:\Users\yogi\AppData\Local\Temp\testng-eclipse--524949958\testng-customsuite.xml">
      <![CDATA[org.testng.TestNGException: 
Parameter 'Browser' is required by BeforeTest on method launchBrowser but has not been marked @Optional or defined
in C:\Users\yogi\AppData\Local\Temp\testng-eclipse--524949958\testng-customsuite.xml
at org.testng.internal.Parameters.createParams(Parameters.java:264)
at org.testng.internal.Parameters.createParametersForMethod(Parameters.java:352)
at org.testng.internal.Parameters.createParameters(Parameters.java:690)
at org.testng.internal.Parameters.createConfigurationParameters(Parameters.java:163)
at org.testng.internal.invokers.ConfigInvoker.invokeConfigurations(ConfigInvoker.java:313)
at org.testng.TestRunner.invokeTestConfigurations(TestRunner.java:655)
at org.testng.TestRunner.beforeRun(TestRunner.java:644)
at org.testng.TestRunner.run(TestRunner.java:610)
at org.testng.SuiteRunner.runTest(SuiteRunner.java:421)
at org.testng.SuiteRunner.runSequentially(SuiteRunner.java:413)
at org.testng.SuiteRunner.privateRun(SuiteRunner.java:373)
at org.testng.SuiteRunner.run(SuiteRunner.java:312)
at org.testng.SuiteRunnerWorker.runSuite(SuiteRunnerWorker.java:52)
at org.testng.SuiteRunnerWorker.run(SuiteRunnerWorker.java:95)
at org.testng.TestNG.runSuitesSequentially(TestNG.java:1274)
at org.testng.TestNG.runSuitesLocally(TestNG.java:1208)
at org.testng.TestNG.runSuites(TestNG.java:1112)
at org.testng.TestNG.run(TestNG.java:1079)
at org.testng.remote.AbstractRemoteTestNG.run(AbstractRemoteTestNG.java:115)
at org.testng.remote.RemoteTestNG.initAndRun(RemoteTestNG.java:293)
at org.testng.remote.RemoteTestNG.main(RemoteTestNG.java:91)
]]>
    </failure>
  </testcase> <!-- @BeforeTest launchBrowser -->
  <testcase classname="Test.BaseTest" name="@AfterTest tearDown" time="0.0">
    <skipped/>
  </testcase> <!-- @AfterTest tearDown -->
  <testcase classname="Test.LunchPageTest" name="verifySliderActiveImageIsDisplaying" time="0.0">
    <skipped/>
  </testcase> <!-- verifySliderActiveImageIsDisplaying -->
  <testcase classname="Test.LunchPageTest" name="gadgetsAreShown" time="0.0">
    <ignored/>
  </testcase> <!-- gadgetsAreShown -->
  <testcase classname="Test.LunchPageTest" name="isTopItemsAreShown" time="0.0">
    <ignored/>
  </testcase> <!-- isTopItemsAreShown -->
  <testcase classname="Test.LunchPageTest" name="isCurrencyDropdownShown" time="0.0">
    <ignored/>
  </testcase> <!-- isCurrencyDropdownShown -->
  <testcase classname="Test.LunchPageTest" name="loginScreenNavigationTest" time="0.0">
    <ignored/>
  </testcase> <!-- loginScreenNavigationTest -->
  <testcase classname="Test.LunchPageTest" name="launchScreenMyAccountDropdownOptionsTitleTest" time="0.0">
    <ignored/>
  </testcase> <!-- launchScreenMyAccountDropdownOptionsTitleTest -->
  <testcase classname="Test.LunchPageTest" name="isCurrenciesAreShown" time="0.0">
    <ignored/>
  </testcase> <!-- isCurrenciesAreShown -->
  <testcase classname="Test.LunchPageTest" name="launchScreenTitleTest" time="0.0">
    <ignored/>
  </testcase> <!-- launchScreenTitleTest -->
</testsuite> <!-- Default test -->
