<?xml version="1.0" encoding="UTF-8"?>
<!-- Generated by org.testng.reporters.JUnitXMLReporter -->
<testsuite ignored="8" hostname="DESKTOP-UMRB9U3" failures="4" tests="8" name="Nopackage" time="40.526" errors="0" timestamp="2025-04-28T09:32:31 IST">
  <testcase classname="Test.LunchPageTest" name="launchScreenTitleTest" time="0.176"/>
  <testcase classname="Test.LunchPageTest" name="launchScreenMyAccountDropdownOptionsTitleTest" time="0.4"/>
  <testcase classname="Test.LunchPageTest" name="loginScreenNavigationTest" time="0.855"/>
  <testcase classname="Test.LoginPageTest" name="loginTest" time="6.995">
    <failure type="org.openqa.selenium.NoAlertPresentException" message="no such alert
  (Session info: chrome=135.0.7049.115)
Build info: version: &amp;apos;4.22.0&amp;apos;, revision: &amp;apos;c5f3146703*&amp;apos;
System info: os.name: &amp;apos;Windows 11&amp;apos;, os.arch: &amp;apos;amd64&amp;apos;, os.version: &amp;apos;10.0&amp;apos;, java.version: &amp;apos;22.0.1&amp;apos;
Driver info: org.openqa.selenium.chrome.ChromeDriver
Command: [8fadbca6d5875cf3ca0f4e312f6d3a2f, getAlertText {}]
Capabilities {acceptInsecureCerts: false, browserName: chrome, browserVersion: 135.0.7049.115, chrome: {chromedriverVersion: 135.0.7049.114 (63fd8a7d9d0..., userDataDir: C:\Users\yogi\AppData\Local...}, fedcm:accounts: true, goog:chromeOptions: {debuggerAddress: localhost:64227}, networkConnectionEnabled: false, pageLoadStrategy: normal, platformName: windows, proxy: Proxy(), se:cdp: ws://localhost:64227/devtoo..., se:cdpVersion: 135.0.7049.115, setWindowRect: true, strictFileInteractability: false, timeouts: {implicit: 0, pageLoad: 300000, script: 30000}, unhandledPromptBehavior: dismiss and notify, webauthn:extension:credBlob: true, webauthn:extension:largeBlob: true, webauthn:extension:minPinLength: true, webauthn:extension:prf: true, webauthn:virtualAuthenticators: true}
Session ID: 8fadbca6d5875cf3ca0f4e312f6d3a2f">
      <![CDATA[org.openqa.selenium.NoAlertPresentException: no such alert
  (Session info: chrome=135.0.7049.115)
Build info: version: '4.22.0', revision: 'c5f3146703*'
System info: os.name: 'Windows 11', os.arch: 'amd64', os.version: '10.0', java.version: '22.0.1'
Driver info: org.openqa.selenium.chrome.ChromeDriver
Command: [8fadbca6d5875cf3ca0f4e312f6d3a2f, getAlertText {}]
Capabilities {acceptInsecureCerts: false, browserName: chrome, browserVersion: 135.0.7049.115, chrome: {chromedriverVersion: 135.0.7049.114 (63fd8a7d9d0..., userDataDir: C:\Users\yogi\AppData\Local...}, fedcm:accounts: true, goog:chromeOptions: {debuggerAddress: localhost:64227}, networkConnectionEnabled: false, pageLoadStrategy: normal, platformName: windows, proxy: Proxy(), se:cdp: ws://localhost:64227/devtoo..., se:cdpVersion: 135.0.7049.115, setWindowRect: true, strictFileInteractability: false, timeouts: {implicit: 0, pageLoad: 300000, script: 30000}, unhandledPromptBehavior: dismiss and notify, webauthn:extension:credBlob: true, webauthn:extension:largeBlob: true, webauthn:extension:minPinLength: true, webauthn:extension:prf: true, webauthn:virtualAuthenticators: true}
Session ID: 8fadbca6d5875cf3ca0f4e312f6d3a2f
at org.openqa.selenium.remote.ErrorCodec.decode(ErrorCodec.java:167)
at org.openqa.selenium.remote.codec.w3c.W3CHttpResponseCodec.decode(W3CHttpResponseCodec.java:138)
at org.openqa.selenium.remote.codec.w3c.W3CHttpResponseCodec.decode(W3CHttpResponseCodec.java:50)
at org.openqa.selenium.remote.HttpCommandExecutor.execute(HttpCommandExecutor.java:190)
at org.openqa.selenium.remote.service.DriverCommandExecutor.invokeExecute(DriverCommandExecutor.java:216)
at org.openqa.selenium.remote.service.DriverCommandExecutor.execute(DriverCommandExecutor.java:174)
at org.openqa.selenium.remote.RemoteWebDriver.execute(RemoteWebDriver.java:518)
at org.openqa.selenium.remote.RemoteWebDriver.execute(RemoteWebDriver.java:591)
at org.openqa.selenium.remote.RemoteWebDriver.execute(RemoteWebDriver.java:595)
at org.openqa.selenium.remote.RemoteWebDriver$RemoteTargetLocator.alert(RemoteWebDriver.java:1163)
at PageFactory.LoginPage.handlePermissions(LoginPage.java:38)
at Test.LoginPageTest.loginTest(LoginPageTest.java:31)
at java.base/java.util.ArrayList.forEach(ArrayList.java:1597)
... Removed 28 stack frames]]>
    </failure>
  </testcase> <!-- loginTest -->
  <testcase classname="Test.MyAccountScreenTest" name="myAccountSectionLinksTitleTest" time="0.672"/>
  <testcase classname="Test.MyAccountScreenTest" name="profileScreenToHomeScreenNavigationTest" time="0.292">
    <failure type="java.lang.AssertionError" message="Profile screen to home screen redirection is failed expected [true] but found [false]">
      <![CDATA[java.lang.AssertionError: Profile screen to home screen redirection is failed expected [true] but found [false]
at Test.MyAccountScreenTest.profileScreenToHomeScreenNavigationTest(MyAccountScreenTest.java:24)
at java.base/java.util.ArrayList.forEach(ArrayList.java:1597)
... Removed 28 stack frames]]>
    </failure>
  </testcase> <!-- profileScreenToHomeScreenNavigationTest -->
  <testcase classname="Test.HomeScreenTest" name="navigationTestToProductDetailsPage" time="5.046">
    <failure type="java.lang.AssertionError" message="Product name is not matched, Navigation test to Selected Product deatils Page is failed expected [iPhone] but found [My Account]">
      <![CDATA[java.lang.AssertionError: Product name is not matched, Navigation test to Selected Product deatils Page is failed expected [iPhone] but found [My Account]
at Test.HomeScreenTest.navigationTestToProductDetailsPage(HomeScreenTest.java:16)
at java.base/java.util.ArrayList.forEach(ArrayList.java:1597)
... Removed 30 stack frames]]>
    </failure>
  </testcase> <!-- navigationTestToProductDetailsPage -->
  <testcase classname="Test.ProductDetailsTest" name="productImageLinksStatusCodeTest" time="15.149">
    <failure type="java.lang.AssertionError" message="Status Code of the Product is not 200 expected [200] but found [0]">
      <![CDATA[java.lang.AssertionError: Status Code of the Product is not 200 expected [200] but found [0]
at Test.ProductDetailsTest.productImageLinksStatusCodeTest(ProductDetailsTest.java:20)
at java.base/java.util.ArrayList.forEach(ArrayList.java:1597)
... Removed 31 stack frames]]>
    </failure>
  </testcase> <!-- productImageLinksStatusCodeTest -->
  <testcase classname="Test.BaseTest" name="@AfterTest quitBrowser" time="0.0">
    <ignored/>
  </testcase> <!-- @AfterTest quitBrowser -->
  <testcase classname="Test.BaseTest" name="@AfterTest quitBrowser" time="0.0">
    <ignored/>
  </testcase> <!-- @AfterTest quitBrowser -->
  <testcase classname="Test.BaseTest" name="@AfterTest quitBrowser" time="0.0">
    <ignored/>
  </testcase> <!-- @AfterTest quitBrowser -->
  <testcase classname="Test.BaseTest" name="@BeforeTest lunchTheBrowser" time="0.0">
    <ignored/>
  </testcase> <!-- @BeforeTest lunchTheBrowser -->
  <testcase classname="Test.BaseTest" name="@BeforeTest lunchTheBrowser" time="0.0">
    <ignored/>
  </testcase> <!-- @BeforeTest lunchTheBrowser -->
  <testcase classname="Test.BaseTest" name="@BeforeTest lunchTheBrowser" time="0.0">
    <ignored/>
  </testcase> <!-- @BeforeTest lunchTheBrowser -->
  <testcase classname="Test.BaseTest" name="@AfterTest quitBrowser" time="0.0">
    <ignored/>
  </testcase> <!-- @AfterTest quitBrowser -->
  <testcase classname="Test.BaseTest" name="@BeforeTest lunchTheBrowser" time="0.0">
    <ignored/>
  </testcase> <!-- @BeforeTest lunchTheBrowser -->
</testsuite> <!-- Nopackage -->
