<?xml version="1.0" encoding="UTF-8"?>
<!-- Generated by org.testng.reporters.JUnitXMLReporter -->
<testsuite ignored="8" hostname="DESKTOP-UMRB9U3" failures="1" tests="12" name="Selenium Internet Explorer test" time="15.537" errors="0" timestamp="2025-06-09T13:26:02 IST">
  <testcase classname="Test.LunchPageTest" name="launchScreenTitleTest" time="0.076"/>
  <testcase classname="Test.LunchPageTest" name="isCurrencyDropdownShown" time="0.071"/>
  <testcase classname="Test.LunchPageTest" name="isCurrenciesAreShown" time="0.755"/>
  <testcase classname="Test.LunchPageTest" name="isTopItemsAreShown" time="0.189"/>
  <testcase classname="Test.LunchPageTest" name="gadgetsAreShown" time="0.214"/>
  <testcase classname="Test.LunchPageTest" name="launchScreenMyAccountDropdownOptionsTitleTest" time="0.463"/>
  <testcase classname="Test.LunchPageTest" name="loginScreenNavigationTest" time="0.622"/>
  <testcase classname="Test.LoginPageTest" name="loginTest" time="0.319">
    <failure type="java.lang.AssertionError" message="My Account title is not matched, Redirection to My Account Page is failed expected [My Account] but found [Account Login]">
      <![CDATA[java.lang.AssertionError: My Account title is not matched, Redirection to My Account Page is failed expected [My Account] but found [Account Login]
at Test.LoginPageTest.loginTest(LoginPageTest.java:33)
at java.base/java.util.ArrayList.forEach(ArrayList.java:1597)
at java.base/java.util.concurrent.FutureTask.run(FutureTask.java:317)
at java.base/java.util.concurrent.ThreadPoolExecutor.runWorker(ThreadPoolExecutor.java:1144)
at java.base/java.util.concurrent.ThreadPoolExecutor$Worker.run(ThreadPoolExecutor.java:642)
at java.base/java.lang.Thread.run(Thread.java:1570)
... Removed 20 stack frames]]>
    </failure>
  </testcase> <!-- loginTest -->
  <testcase classname="Test.MyAccountScreenTest" name="myAccountSectionLinksTitleTest" time="1.268"/>
  <testcase classname="Test.MyAccountScreenTest" name="profileScreenToHomeScreenNavigationTest" time="0.691"/>
  <testcase classname="Test.HomeScreenTest" name="navigationTestToProductDetailsPage" time="1.273"/>
  <testcase classname="Test.ProductDetailsTest" name="productImageLinksStatusCodeTest" time="3.17"/>
  <testcase classname="Test.BaseTest" name="@BeforeTest launchBrowser" time="0.0">
    <ignored/>
  </testcase> <!-- @BeforeTest launchBrowser -->
  <testcase classname="Test.BaseTest" name="@BeforeTest launchBrowser" time="0.0">
    <ignored/>
  </testcase> <!-- @BeforeTest launchBrowser -->
  <testcase classname="Test.BaseTest" name="@AfterTest tearDown" time="0.0">
    <ignored/>
  </testcase> <!-- @AfterTest tearDown -->
  <testcase classname="Test.BaseTest" name="@AfterTest tearDown" time="0.0">
    <ignored/>
  </testcase> <!-- @AfterTest tearDown -->
  <testcase classname="Test.BaseTest" name="@BeforeTest launchBrowser" time="0.0">
    <ignored/>
  </testcase> <!-- @BeforeTest launchBrowser -->
  <testcase classname="Test.BaseTest" name="@AfterTest tearDown" time="0.0">
    <ignored/>
  </testcase> <!-- @AfterTest tearDown -->
  <testcase classname="Test.BaseTest" name="@BeforeTest launchBrowser" time="0.0">
    <ignored/>
  </testcase> <!-- @BeforeTest launchBrowser -->
  <testcase classname="Test.BaseTest" name="@AfterTest tearDown" time="0.0">
    <ignored/>
  </testcase> <!-- @AfterTest tearDown -->
</testsuite> <!-- Selenium Internet Explorer test -->
